[2014.07.22 14:39:24] (Coverage): Error during class instrumentation: com.ttpod.storm.work.WorkBuiler
java.lang.NullPointerException
	at com.intellij.rt.coverage.instrumentation.Instrumentator$MyClassWriter.typeInfo(Instrumentator.java:344)
	at com.intellij.rt.coverage.instrumentation.Instrumentator$MyClassWriter.getCommonSuperClass(Instrumentator.java:266)
	at org.jetbrains.asm4.ClassWriter.a(Unknown Source)
	at org.jetbrains.asm4.Frame.a(Unknown Source)
	at org.jetbrains.asm4.Frame.a(Unknown Source)
	at org.jetbrains.asm4.MethodWriter.visitMaxs(Unknown Source)
	at org.jetbrains.asm4.MethodVisitor.visitMaxs(Unknown Source)
	at com.intellij.rt.coverage.instrumentation.SamplingInstrumenter$1.visitMaxs(SamplingInstrumenter.java:78)
	at org.jetbrains.asm4.ClassReader.accept(Unknown Source)
	at org.jetbrains.asm4.ClassReader.accept(Unknown Source)
	at com.intellij.rt.coverage.instrumentation.Instrumentator.instrument(Instrumentator.java:163)
	at com.intellij.rt.coverage.instrumentation.Instrumentator.access$000(Instrumentator.java:24)
	at com.intellij.rt.coverage.instrumentation.Instrumentator$1.transform(Instrumentator.java:124)
	at sun.instrument.TransformerManager.transform(TransformerManager.java:188)
	at sun.instrument.InstrumentationImpl.transform(InstrumentationImpl.java:424)
	at java.lang.ClassLoader.defineClass1(Native Method)
	at java.lang.ClassLoader.defineClass(ClassLoader.java:800)
	at java.security.SecureClassLoader.defineClass(SecureClassLoader.java:142)
	at java.net.URLClassLoader.defineClass(URLClassLoader.java:449)
	at java.net.URLClassLoader.access$100(URLClassLoader.java:71)
	at java.net.URLClassLoader$1.run(URLClassLoader.java:361)
	at java.net.URLClassLoader$1.run(URLClassLoader.java:355)
	at java.security.AccessController.doPrivileged(Native Method)
	at java.net.URLClassLoader.findClass(URLClassLoader.java:354)
	at java.lang.ClassLoader.loadClass(ClassLoader.java:425)
	at sun.misc.Launcher$AppClassLoader.loadClass(Launcher.java:308)
	at java.lang.ClassLoader.loadClass(ClassLoader.java:358)
	at java.lang.Class.forName0(Native Method)
	at java.lang.Class.forName(Class.java:190)
	at com.intellij.rt.execution.application.AppMain.main(AppMain.java:113)
